app/build/intermediates/manifest_merge_blame_file/debug/manifest-merger-blame-debug-report.txt
1<?xml version="1.0" encoding="utf-8"?>
2<manifest xmlns:android="http://schemas.android.com/apk/res/android"
3    package="com.example.kita_sekolah"
4    android:versionCode="1"
5    android:versionName="1.0" >
6
7    <uses-sdk
8        android:minSdkVersion="19"
8-->src\main\AndroidManifest.xml
9        android:targetSdkVersion="29" />
9-->src\main\AndroidManifest.xml
10
11    <uses-feature
11-->src\main\AndroidManifest.xml:5:5-7:35
12        android:name="android.hardware.camera"
12-->src\main\AndroidManifest.xml:6:9-47
13        android:required="true" />
13-->src\main\AndroidManifest.xml:7:9-32
14
15    <uses-permission
15-->src\main\AndroidManifest.xml:9:5-11:38
16        android:name="android.permission.WRITE_EXTERNAL_STORAGE"
16-->src\main\AndroidManifest.xml:10:9-65
17        android:maxSdkVersion="18" />
17-->src\main\AndroidManifest.xml:11:9-35
18
19    <!-- Although the *SdkVersion is captured in gradle build files, this is required for non gradle builds -->
20    <!-- <uses-sdk android:minSdkVersion="14"/> -->
21    <uses-permission android:name="android.permission.ACCESS_NETWORK_STATE" />
21-->[com.google.firebase:firebase-database:18.0.0] AndroidManifest.xml:25:5-79
21-->[com.google.firebase:firebase-database:18.0.0] AndroidManifest.xml:25:22-76
22    <uses-permission android:name="android.permission.INTERNET" />
22-->[com.google.firebase:firebase-database:18.0.0] AndroidManifest.xml:26:5-67
22-->[com.google.firebase:firebase-database:18.0.0] AndroidManifest.xml:26:22-64
23    <uses-permission android:name="android.permission.WAKE_LOCK" /> <!-- Required by older versions of Google Play services to create IID tokens -->
23-->[com.google.android.gms:play-services-measurement-api:17.2.0] AndroidManifest.xml:24:5-68
23-->[com.google.android.gms:play-services-measurement-api:17.2.0] AndroidManifest.xml:24:22-65
24    <uses-permission android:name="com.google.android.c2dm.permission.RECEIVE" />
24-->[com.google.firebase:firebase-iid:19.0.0] AndroidManifest.xml:26:5-82
24-->[com.google.firebase:firebase-iid:19.0.0] AndroidManifest.xml:26:22-79
25    <uses-permission android:name="com.google.android.finsky.permission.BIND_GET_INSTALL_REFERRER_SERVICE" />
25-->[com.google.android.gms:play-services-measurement:17.2.0] AndroidManifest.xml:26:5-110
25-->[com.google.android.gms:play-services-measurement:17.2.0] AndroidManifest.xml:26:22-107
26
27    <application
27-->src\main\AndroidManifest.xml:13:5-47:19
28        android:allowBackup="true"
28-->src\main\AndroidManifest.xml:14:9-35
29        android:appComponentFactory="androidx.core.app.CoreComponentFactory"
29-->[androidx.core:core:1.1.0] AndroidManifest.xml:24:18-86
30        android:debuggable="true"
31        android:icon="@mipmap/ic_launcher"
31-->src\main\AndroidManifest.xml:15:9-43
32        android:label="@string/app_name"
32-->src\main\AndroidManifest.xml:16:9-41
33        android:roundIcon="@mipmap/ic_launcher_round"
33-->src\main\AndroidManifest.xml:17:9-54
34        android:supportsRtl="true"
34-->src\main\AndroidManifest.xml:18:9-35
35        android:testOnly="true"
36        android:theme="@style/AppTheme" >
36-->src\main\AndroidManifest.xml:19:9-40
37        <activity android:name="com.example.kita_sekolah.registrasi" />
37-->src\main\AndroidManifest.xml:20:9-57
37-->src\main\AndroidManifest.xml:20:19-45
38        <activity android:name="com.example.kita_sekolah.login" />
38-->src\main\AndroidManifest.xml:21:9-43
38-->src\main\AndroidManifest.xml:21:19-40
39        <activity android:name="com.example.kita_sekolah.lab_scroll" />
39-->src\main\AndroidManifest.xml:22:9-48
39-->src\main\AndroidManifest.xml:22:19-45
40        <activity android:name="com.example.kita_sekolah.halaman_donasi_uang" />
40-->src\main\AndroidManifest.xml:23:9-57
40-->src\main\AndroidManifest.xml:23:19-54
41        <activity android:name="com.example.kita_sekolah.halaman_pilihDonasi" />
41-->src\main\AndroidManifest.xml:24:9-57
41-->src\main\AndroidManifest.xml:24:19-54
42        <activity android:name="com.example.kita_sekolah.halaman_beli" />
42-->src\main\AndroidManifest.xml:25:9-50
42-->src\main\AndroidManifest.xml:25:19-47
43        <activity android:name="com.example.kita_sekolah.halaman_donasi" />
43-->src\main\AndroidManifest.xml:26:9-52
43-->src\main\AndroidManifest.xml:26:19-49
44        <activity android:name="com.example.kita_sekolah.halaman_utama" />
44-->src\main\AndroidManifest.xml:27:9-51
44-->src\main\AndroidManifest.xml:27:19-48
45        <activity android:name="com.example.kita_sekolah.start2_activity" />
45-->src\main\AndroidManifest.xml:28:9-53
45-->src\main\AndroidManifest.xml:28:19-50
46        <activity android:name="com.example.kita_sekolah.start1_activity" />
46-->src\main\AndroidManifest.xml:29:9-53
46-->src\main\AndroidManifest.xml:29:19-50
47        <activity android:name="com.example.kita_sekolah.MainActivity" >
47-->src\main\AndroidManifest.xml:30:9-36:20
47-->src\main\AndroidManifest.xml:30:19-47
48            <intent-filter>
48-->src\main\AndroidManifest.xml:31:13-35:29
49                <action android:name="android.intent.action.MAIN" />
49-->src\main\AndroidManifest.xml:32:17-69
49-->src\main\AndroidManifest.xml:32:25-66
50
51                <category android:name="android.intent.category.LAUNCHER" />
51-->src\main\AndroidManifest.xml:34:17-77
51-->src\main\AndroidManifest.xml:34:27-74
52            </intent-filter>
53        </activity>
54
55        <provider
55-->src\main\AndroidManifest.xml:38:9-46:20
56            android:name="androidx.core.content.FileProvider"
56-->src\main\AndroidManifest.xml:39:13-62
57            android:authorities="com.example.android.fileprovider"
57-->src\main\AndroidManifest.xml:40:13-67
58            android:exported="false"
58-->src\main\AndroidManifest.xml:41:13-37
59            android:grantUriPermissions="true" >
59-->src\main\AndroidManifest.xml:42:13-47
60            <meta-data
60-->src\main\AndroidManifest.xml:43:13-45:54
61                android:name="android.support.FILE_PROVIDER_PATHS"
61-->src\main\AndroidManifest.xml:44:17-67
62                android:resource="@xml/file_paths" />
62-->src\main\AndroidManifest.xml:45:17-51
63        </provider>
64
65        <activity
65-->[com.google.firebase:firebase-auth:19.1.0] AndroidManifest.xml:24:9-31:50
66            android:name="com.google.firebase.auth.internal.FederatedSignInActivity"
66-->[com.google.firebase:firebase-auth:19.1.0] AndroidManifest.xml:25:13-85
67            android:excludeFromRecents="true"
67-->[com.google.firebase:firebase-auth:19.1.0] AndroidManifest.xml:26:13-46
68            android:exported="true"
68-->[com.google.firebase:firebase-auth:19.1.0] AndroidManifest.xml:27:13-36
69            android:launchMode="singleTask"
69-->[com.google.firebase:firebase-auth:19.1.0] AndroidManifest.xml:28:13-44
70            android:permission="com.google.firebase.auth.api.gms.permission.LAUNCH_FEDERATED_SIGN_IN"
70-->[com.google.firebase:firebase-auth:19.1.0] AndroidManifest.xml:29:13-102
71            android:theme="@android:style/Theme.Translucent.NoTitleBar" />
71-->[com.google.firebase:firebase-auth:19.1.0] AndroidManifest.xml:30:13-72
72
73        <service
73-->[com.google.firebase:firebase-auth:19.1.0] AndroidManifest.xml:33:9-39:19
74            android:name="com.google.firebase.components.ComponentDiscoveryService"
74-->[com.google.firebase:firebase-auth:19.1.0] AndroidManifest.xml:34:13-84
75            android:exported="false" >
75-->[com.google.firebase:firebase-auth:19.1.0] AndroidManifest.xml:35:13-37
76            <meta-data
76-->[com.google.firebase:firebase-auth:19.1.0] AndroidManifest.xml:36:13-38:85
77                android:name="com.google.firebase.components:com.google.firebase.auth.FirebaseAuthRegistrar"
77-->[com.google.firebase:firebase-auth:19.1.0] AndroidManifest.xml:37:17-109
78                android:value="com.google.firebase.components.ComponentRegistrar" />
78-->[com.google.firebase:firebase-auth:19.1.0] AndroidManifest.xml:38:17-82
79            <meta-data
79-->[com.google.firebase:firebase-database:18.0.0] AndroidManifest.xml:30:13-32:85
80                android:name="com.google.firebase.components:com.google.firebase.database.DatabaseRegistrar"
80-->[com.google.firebase:firebase-database:18.0.0] AndroidManifest.xml:31:17-109
81                android:value="com.google.firebase.components.ComponentRegistrar" />
81-->[com.google.firebase:firebase-database:18.0.0] AndroidManifest.xml:32:17-82
82            <meta-data
82-->[com.google.android.gms:play-services-measurement-api:17.2.0] AndroidManifest.xml:30:13-32:85
83                android:name="com.google.firebase.components:com.google.firebase.analytics.connector.internal.AnalyticsConnectorRegistrar"
83-->[com.google.android.gms:play-services-measurement-api:17.2.0] AndroidManifest.xml:31:17-139
84                android:value="com.google.firebase.components.ComponentRegistrar" />
84-->[com.google.android.gms:play-services-measurement-api:17.2.0] AndroidManifest.xml:32:17-82
85            <meta-data
85-->[com.google.firebase:firebase-iid:19.0.0] AndroidManifest.xml:32:13-34:85
86                android:name="com.google.firebase.components:com.google.firebase.iid.Registrar"
86-->[com.google.firebase:firebase-iid:19.0.0] AndroidManifest.xml:33:17-96
87                android:value="com.google.firebase.components.ComponentRegistrar" />
87-->[com.google.firebase:firebase-iid:19.0.0] AndroidManifest.xml:34:17-82
88        </service>
89
90        <receiver
90-->[com.google.firebase:firebase-iid:19.0.0] AndroidManifest.xml:37:9-44:20
91            android:name="com.google.firebase.iid.FirebaseInstanceIdReceiver"
91-->[com.google.firebase:firebase-iid:19.0.0] AndroidManifest.xml:38:13-78
92            android:exported="true"
92-->[com.google.firebase:firebase-iid:19.0.0] AndroidManifest.xml:39:13-36
93            android:permission="com.google.android.c2dm.permission.SEND" >
93-->[com.google.firebase:firebase-iid:19.0.0] AndroidManifest.xml:40:13-73
94            <intent-filter>
94-->[com.google.firebase:firebase-iid:19.0.0] AndroidManifest.xml:41:13-43:29
95                <action android:name="com.google.android.c2dm.intent.RECEIVE" />
95-->[com.google.firebase:firebase-iid:19.0.0] AndroidManifest.xml:42:17-81
95-->[com.google.firebase:firebase-iid:19.0.0] AndroidManifest.xml:42:25-78
96            </intent-filter>
97        </receiver>
98
99        <activity
99-->[com.google.android.gms:play-services-base:17.1.0] AndroidManifest.xml:23:9-26:75
100            android:name="com.google.android.gms.common.api.GoogleApiActivity"
100-->[com.google.android.gms:play-services-base:17.1.0] AndroidManifest.xml:24:13-79
101            android:exported="false"
101-->[com.google.android.gms:play-services-base:17.1.0] AndroidManifest.xml:25:13-37
102            android:theme="@android:style/Theme.Translucent.NoTitleBar" />
102-->[com.google.android.gms:play-services-base:17.1.0] AndroidManifest.xml:26:13-72
103
104        <receiver
104-->[com.google.android.gms:play-services-measurement:17.2.0] AndroidManifest.xml:29:9-33:20
105            android:name="com.google.android.gms.measurement.AppMeasurementReceiver"
105-->[com.google.android.gms:play-services-measurement:17.2.0] AndroidManifest.xml:30:13-85
106            android:enabled="true"
106-->[com.google.android.gms:play-services-measurement:17.2.0] AndroidManifest.xml:31:13-35
107            android:exported="false" >
107-->[com.google.android.gms:play-services-measurement:17.2.0] AndroidManifest.xml:32:13-37
108        </receiver>
109        <receiver
109-->[com.google.android.gms:play-services-measurement:17.2.0] AndroidManifest.xml:34:9-42:20
110            android:name="com.google.android.gms.measurement.AppMeasurementInstallReferrerReceiver"
110-->[com.google.android.gms:play-services-measurement:17.2.0] AndroidManifest.xml:35:13-100
111            android:enabled="true"
111-->[com.google.android.gms:play-services-measurement:17.2.0] AndroidManifest.xml:36:13-35
112            android:exported="true"
112-->[com.google.android.gms:play-services-measurement:17.2.0] AndroidManifest.xml:37:13-36
113            android:permission="android.permission.INSTALL_PACKAGES" >
113-->[com.google.android.gms:play-services-measurement:17.2.0] AndroidManifest.xml:38:13-69
114            <intent-filter>
114-->[com.google.android.gms:play-services-measurement:17.2.0] AndroidManifest.xml:39:13-41:29
115                <action android:name="com.android.vending.INSTALL_REFERRER" />
115-->[com.google.android.gms:play-services-measurement:17.2.0] AndroidManifest.xml:40:17-79
115-->[com.google.android.gms:play-services-measurement:17.2.0] AndroidManifest.xml:40:25-76
116            </intent-filter>
117        </receiver>
118
119        <service
119-->[com.google.android.gms:play-services-measurement:17.2.0] AndroidManifest.xml:44:9-47:40
120            android:name="com.google.android.gms.measurement.AppMeasurementService"
120-->[com.google.android.gms:play-services-measurement:17.2.0] AndroidManifest.xml:45:13-84
121            android:enabled="true"
121-->[com.google.android.gms:play-services-measurement:17.2.0] AndroidManifest.xml:46:13-35
122            android:exported="false" />
122-->[com.google.android.gms:play-services-measurement:17.2.0] AndroidManifest.xml:47:13-37
123        <service
123-->[com.google.android.gms:play-services-measurement:17.2.0] AndroidManifest.xml:48:9-52:72
124            android:name="com.google.android.gms.measurement.AppMeasurementJobService"
124-->[com.google.android.gms:play-services-measurement:17.2.0] AndroidManifest.xml:49:13-87
125            android:enabled="true"
125-->[com.google.android.gms:play-services-measurement:17.2.0] AndroidManifest.xml:50:13-35
126            android:exported="false"
126-->[com.google.android.gms:play-services-measurement:17.2.0] AndroidManifest.xml:51:13-37
127            android:permission="android.permission.BIND_JOB_SERVICE" />
127-->[com.google.android.gms:play-services-measurement:17.2.0] AndroidManifest.xml:52:13-69
128
129        <provider
129-->[com.google.firebase:firebase-common:19.0.0] AndroidManifest.xml:12:9-16:39
130            android:name="com.google.firebase.provider.FirebaseInitProvider"
130-->[com.google.firebase:firebase-common:19.0.0] AndroidManifest.xml:13:13-77
131            android:authorities="com.example.kita_sekolah.firebaseinitprovider"
131-->[com.google.firebase:firebase-common:19.0.0] AndroidManifest.xml:14:13-72
132            android:exported="false"
132-->[com.google.firebase:firebase-common:19.0.0] AndroidManifest.xml:15:13-37
133            android:initOrder="100" />
133-->[com.google.firebase:firebase-common:19.0.0] AndroidManifest.xml:16:13-36
134
135        <meta-data
135-->[com.google.android.gms:play-services-basement:17.0.0] AndroidManifest.xml:23:9-25:69
136            android:name="com.google.android.gms.version"
136-->[com.google.android.gms:play-services-basement:17.0.0] AndroidManifest.xml:24:13-58
137            android:value="@integer/google_play_services_version" />
137-->[com.google.android.gms:play-services-basement:17.0.0] AndroidManifest.xml:25:13-66
138    </application>
139
140</manifest>